[debug] [2024-03-23T01:55:59.268Z] ----------------------------------------------------------------------
[debug] [2024-03-23T01:55:59.285Z] Command:       C:\Program Files\nodejs\node.exe C:\Users\hecto\AppData\Roaming\npm\node_modules\firebase-tools\lib\bin\firebase.js deploy --only hosting
[debug] [2024-03-23T01:55:59.285Z] CLI Version:   12.5.0
[debug] [2024-03-23T01:55:59.285Z] Platform:      win32
[debug] [2024-03-23T01:55:59.286Z] Node Version:  v20.5.1
[debug] [2024-03-23T01:55:59.286Z] Time:          Fri Mar 22 2024 21:55:59 GMT-0400 (hora de Bolivia)
[debug] [2024-03-23T01:55:59.286Z] ----------------------------------------------------------------------
[debug] 
[debug] [2024-03-23T01:55:59.291Z] >>> [apiv2][query] GET https://firebase-public.firebaseio.com/cli.json [none]
[debug] [2024-03-23T01:55:59.454Z] > command requires scopes: ["email","openid","https://www.googleapis.com/auth/cloudplatformprojects.readonly","https://www.googleapis.com/auth/firebase","https://www.googleapis.com/auth/cloud-platform"]
[debug] [2024-03-23T01:55:59.454Z] > authorizing via signed-in user (hectoristy1@gmail.com)
[debug] [2024-03-23T01:55:59.455Z] [iam] checking project devhtorpc for permissions ["firebase.projects.get","firebasehosting.sites.update"]
[debug] [2024-03-23T01:55:59.456Z] > refreshing access token with scopes: []
[debug] [2024-03-23T01:55:59.457Z] >>> [apiv2][query] POST https://www.googleapis.com/oauth2/v3/token [none]
[debug] [2024-03-23T01:55:59.458Z] >>> [apiv2][body] POST https://www.googleapis.com/oauth2/v3/token [omitted]
[debug] [2024-03-23T01:55:59.662Z] <<< [apiv2][status] GET https://firebase-public.firebaseio.com/cli.json 200
[debug] [2024-03-23T01:55:59.662Z] <<< [apiv2][body] GET https://firebase-public.firebaseio.com/cli.json {"cloudBuildErrorAfter":1594252800000,"cloudBuildWarnAfter":1590019200000,"defaultNode10After":1594252800000,"minVersion":"3.0.5","node8DeploysDisabledAfter":1613390400000,"node8RuntimeDisabledAfter":1615809600000,"node8WarnAfter":1600128000000}
[debug] [2024-03-23T01:55:59.688Z] <<< [apiv2][status] POST https://www.googleapis.com/oauth2/v3/token 400
[debug] [2024-03-23T01:55:59.688Z] <<< [apiv2][body] POST https://www.googleapis.com/oauth2/v3/token [omitted]
[debug] [2024-03-23T01:55:59.689Z] >>> [apiv2][query] POST https://cloudresourcemanager.googleapis.com/v1/projects/devhtorpc:testIamPermissions [none]
[debug] [2024-03-23T01:55:59.689Z] >>> [apiv2][(partial)header] POST https://cloudresourcemanager.googleapis.com/v1/projects/devhtorpc:testIamPermissions x-goog-quota-user=projects/devhtorpc
[debug] [2024-03-23T01:55:59.689Z] >>> [apiv2][body] POST https://cloudresourcemanager.googleapis.com/v1/projects/devhtorpc:testIamPermissions {"permissions":["firebase.projects.get","firebasehosting.sites.update"]}
[debug] [2024-03-23T01:55:59.974Z] <<< [apiv2][status] POST https://cloudresourcemanager.googleapis.com/v1/projects/devhtorpc:testIamPermissions 401
[debug] [2024-03-23T01:55:59.974Z] <<< [apiv2][body] POST https://cloudresourcemanager.googleapis.com/v1/projects/devhtorpc:testIamPermissions {"error":{"code":401,"message":"Request had invalid authentication credentials. Expected OAuth 2 access token, login cookie or other valid authentication credential. See https://developers.google.com/identity/sign-in/web/devconsole-project.","status":"UNAUTHENTICATED","details":[{"@type":"type.googleapis.com/google.rpc.ErrorInfo","reason":"ACCESS_TOKEN_TYPE_UNSUPPORTED","metadata":{"service":"cloudresourcemanager.googleapis.com","method":"google.cloudresourcemanager.v1.Projects.TestIamPermissions"}}]}}
[debug] [2024-03-23T01:55:59.975Z] [iam] error while checking permissions, command may fail: FirebaseError: HTTP Error: 401, Request had invalid authentication credentials. Expected OAuth 2 access token, login cookie or other valid authentication credential. See https://developers.google.com/identity/sign-in/web/devconsole-project.
[debug] [2024-03-23T01:55:59.976Z] > refreshing access token with scopes: []
[debug] [2024-03-23T01:55:59.976Z] >>> [apiv2][query] POST https://www.googleapis.com/oauth2/v3/token [none]
[debug] [2024-03-23T01:55:59.976Z] >>> [apiv2][body] POST https://www.googleapis.com/oauth2/v3/token [omitted]
[debug] [2024-03-23T01:56:00.041Z] <<< [apiv2][status] POST https://www.googleapis.com/oauth2/v3/token 400
[debug] [2024-03-23T01:56:00.041Z] <<< [apiv2][body] POST https://www.googleapis.com/oauth2/v3/token [omitted]
[debug] [2024-03-23T01:56:00.042Z] >>> [apiv2][query] GET https://firebase.googleapis.com/v1beta1/projects/devhtorpc [none]
[debug] [2024-03-23T01:56:00.329Z] <<< [apiv2][status] GET https://firebase.googleapis.com/v1beta1/projects/devhtorpc 401
[debug] [2024-03-23T01:56:00.329Z] <<< [apiv2][body] GET https://firebase.googleapis.com/v1beta1/projects/devhtorpc {"error":{"code":401,"message":"Request had invalid authentication credentials. Expected OAuth 2 access token, login cookie or other valid authentication credential. See https://developers.google.com/identity/sign-in/web/devconsole-project.","status":"UNAUTHENTICATED"}}
[debug] [2024-03-23T01:56:00.329Z] HTTP Error: 401, Request had invalid authentication credentials. Expected OAuth 2 access token, login cookie or other valid authentication credential. See https://developers.google.com/identity/sign-in/web/devconsole-project.
[debug] [2024-03-23T01:56:00.468Z] FirebaseError: HTTP Error: 401, Request had invalid authentication credentials. Expected OAuth 2 access token, login cookie or other valid authentication credential. See https://developers.google.com/identity/sign-in/web/devconsole-project.
    at responseToError (C:\Users\hecto\AppData\Roaming\npm\node_modules\firebase-tools\lib\responseToError.js:49:12)
    at RetryOperation._fn (C:\Users\hecto\AppData\Roaming\npm\node_modules\firebase-tools\lib\apiv2.js:285:77)
    at process.processTicksAndRejections (node:internal/process/task_queues:95:5)
[error] 
[error] Error: Failed to get Firebase project devhtorpc. Please make sure the project exists and your account has permission to access it.
[debug] [2024-03-23T01:57:18.458Z] ----------------------------------------------------------------------
[debug] [2024-03-23T01:57:18.462Z] Command:       C:\Program Files\nodejs\node.exe C:\Users\hecto\AppData\Roaming\npm\node_modules\firebase-tools\lib\bin\firebase.js deploy --only hosting
[debug] [2024-03-23T01:57:18.462Z] CLI Version:   12.5.0
[debug] [2024-03-23T01:57:18.462Z] Platform:      win32
[debug] [2024-03-23T01:57:18.463Z] Node Version:  v20.5.1
[debug] [2024-03-23T01:57:18.463Z] Time:          Fri Mar 22 2024 21:57:18 GMT-0400 (hora de Bolivia)
[debug] [2024-03-23T01:57:18.463Z] ----------------------------------------------------------------------
[debug] 
[debug] [2024-03-23T01:57:18.571Z] > command requires scopes: ["email","openid","https://www.googleapis.com/auth/cloudplatformprojects.readonly","https://www.googleapis.com/auth/firebase","https://www.googleapis.com/auth/cloud-platform"]
[debug] [2024-03-23T01:57:18.571Z] > authorizing via signed-in user (hectoristy1@gmail.com)
[debug] [2024-03-23T01:57:18.571Z] [iam] checking project devhtorpc for permissions ["firebase.projects.get","firebasehosting.sites.update"]
[debug] [2024-03-23T01:57:18.573Z] > refreshing access token with scopes: []
[debug] [2024-03-23T01:57:18.576Z] >>> [apiv2][query] POST https://www.googleapis.com/oauth2/v3/token [none]
[debug] [2024-03-23T01:57:18.576Z] >>> [apiv2][body] POST https://www.googleapis.com/oauth2/v3/token [omitted]
[debug] [2024-03-23T01:57:18.922Z] <<< [apiv2][status] POST https://www.googleapis.com/oauth2/v3/token 400
[debug] [2024-03-23T01:57:18.923Z] <<< [apiv2][body] POST https://www.googleapis.com/oauth2/v3/token [omitted]
[debug] [2024-03-23T01:57:18.923Z] >>> [apiv2][query] POST https://cloudresourcemanager.googleapis.com/v1/projects/devhtorpc:testIamPermissions [none]
[debug] [2024-03-23T01:57:18.923Z] >>> [apiv2][(partial)header] POST https://cloudresourcemanager.googleapis.com/v1/projects/devhtorpc:testIamPermissions x-goog-quota-user=projects/devhtorpc
[debug] [2024-03-23T01:57:18.923Z] >>> [apiv2][body] POST https://cloudresourcemanager.googleapis.com/v1/projects/devhtorpc:testIamPermissions {"permissions":["firebase.projects.get","firebasehosting.sites.update"]}
[debug] [2024-03-23T01:57:19.140Z] <<< [apiv2][status] POST https://cloudresourcemanager.googleapis.com/v1/projects/devhtorpc:testIamPermissions 401
[debug] [2024-03-23T01:57:19.140Z] <<< [apiv2][body] POST https://cloudresourcemanager.googleapis.com/v1/projects/devhtorpc:testIamPermissions {"error":{"code":401,"message":"Request had invalid authentication credentials. Expected OAuth 2 access token, login cookie or other valid authentication credential. See https://developers.google.com/identity/sign-in/web/devconsole-project.","status":"UNAUTHENTICATED","details":[{"@type":"type.googleapis.com/google.rpc.ErrorInfo","reason":"ACCESS_TOKEN_TYPE_UNSUPPORTED","metadata":{"service":"cloudresourcemanager.googleapis.com","method":"google.cloudresourcemanager.v1.Projects.TestIamPermissions"}}]}}
[debug] [2024-03-23T01:57:19.142Z] [iam] error while checking permissions, command may fail: FirebaseError: HTTP Error: 401, Request had invalid authentication credentials. Expected OAuth 2 access token, login cookie or other valid authentication credential. See https://developers.google.com/identity/sign-in/web/devconsole-project.
[debug] [2024-03-23T01:57:19.142Z] > refreshing access token with scopes: []
[debug] [2024-03-23T01:57:19.143Z] >>> [apiv2][query] POST https://www.googleapis.com/oauth2/v3/token [none]
[debug] [2024-03-23T01:57:19.143Z] >>> [apiv2][body] POST https://www.googleapis.com/oauth2/v3/token [omitted]
[debug] [2024-03-23T01:57:19.211Z] <<< [apiv2][status] POST https://www.googleapis.com/oauth2/v3/token 400
[debug] [2024-03-23T01:57:19.211Z] <<< [apiv2][body] POST https://www.googleapis.com/oauth2/v3/token [omitted]
[debug] [2024-03-23T01:57:19.212Z] >>> [apiv2][query] GET https://firebase.googleapis.com/v1beta1/projects/devhtorpc [none]
[debug] [2024-03-23T01:57:19.413Z] <<< [apiv2][status] GET https://firebase.googleapis.com/v1beta1/projects/devhtorpc 401
[debug] [2024-03-23T01:57:19.413Z] <<< [apiv2][body] GET https://firebase.googleapis.com/v1beta1/projects/devhtorpc {"error":{"code":401,"message":"Request had invalid authentication credentials. Expected OAuth 2 access token, login cookie or other valid authentication credential. See https://developers.google.com/identity/sign-in/web/devconsole-project.","status":"UNAUTHENTICATED"}}
[debug] [2024-03-23T01:57:19.414Z] HTTP Error: 401, Request had invalid authentication credentials. Expected OAuth 2 access token, login cookie or other valid authentication credential. See https://developers.google.com/identity/sign-in/web/devconsole-project.
[debug] [2024-03-23T01:57:19.560Z] FirebaseError: HTTP Error: 401, Request had invalid authentication credentials. Expected OAuth 2 access token, login cookie or other valid authentication credential. See https://developers.google.com/identity/sign-in/web/devconsole-project.
    at responseToError (C:\Users\hecto\AppData\Roaming\npm\node_modules\firebase-tools\lib\responseToError.js:49:12)
    at RetryOperation._fn (C:\Users\hecto\AppData\Roaming\npm\node_modules\firebase-tools\lib\apiv2.js:285:77)
    at process.processTicksAndRejections (node:internal/process/task_queues:95:5)
[error] 
[error] Error: Failed to get Firebase project devhtorpc. Please make sure the project exists and your account has permission to access it.
[debug] [2024-03-23T01:58:24.573Z] ----------------------------------------------------------------------
[debug] [2024-03-23T01:58:24.577Z] Command:       C:\Program Files\nodejs\node.exe C:\Users\hecto\AppData\Roaming\npm\node_modules\firebase-tools\lib\bin\firebase.js init
[debug] [2024-03-23T01:58:24.577Z] CLI Version:   12.5.0
[debug] [2024-03-23T01:58:24.578Z] Platform:      win32
[debug] [2024-03-23T01:58:24.578Z] Node Version:  v20.5.1
[debug] [2024-03-23T01:58:24.578Z] Time:          Fri Mar 22 2024 21:58:24 GMT-0400 (hora de Bolivia)
[debug] [2024-03-23T01:58:24.578Z] ----------------------------------------------------------------------
[debug] 
[debug] [2024-03-23T01:58:24.678Z] > command requires scopes: ["email","openid","https://www.googleapis.com/auth/cloudplatformprojects.readonly","https://www.googleapis.com/auth/firebase","https://www.googleapis.com/auth/cloud-platform"]
[debug] [2024-03-23T01:58:24.679Z] > authorizing via signed-in user (hectoristy1@gmail.com)
[info] 
     ######## #### ########  ######## ########     ###     ######  ########
     ##        ##  ##     ## ##       ##     ##  ##   ##  ##       ##
     ######    ##  ########  ######   ########  #########  ######  ######
     ##        ##  ##    ##  ##       ##     ## ##     ##       ## ##
     ##       #### ##     ## ######## ########  ##     ##  ######  ########

You're about to initialize a Firebase project in this directory:

  D:\CODIGO\WEB\MyBriefCase

Before we get started, keep in mind:

  * You are initializing within an existing Firebase project directory

[info] 
=== Project Setup
[info] 
[info] First, let's associate this project directory with a Firebase project.
[info] You can create multiple project aliases by running firebase use --add, 
[info] but for now we'll just set up a default project.
[info] 
[debug] [2024-03-23T01:59:26.742Z] Using project from CLI flag: devhtorpc
[debug] [2024-03-23T01:59:26.744Z] > refreshing access token with scopes: []
[debug] [2024-03-23T01:59:26.746Z] >>> [apiv2][query] POST https://www.googleapis.com/oauth2/v3/token [none]
[debug] [2024-03-23T01:59:26.746Z] >>> [apiv2][body] POST https://www.googleapis.com/oauth2/v3/token [omitted]
[debug] [2024-03-23T01:59:27.083Z] <<< [apiv2][status] POST https://www.googleapis.com/oauth2/v3/token 400
[debug] [2024-03-23T01:59:27.083Z] <<< [apiv2][body] POST https://www.googleapis.com/oauth2/v3/token [omitted]
[debug] [2024-03-23T01:59:27.084Z] >>> [apiv2][query] GET https://firebase.googleapis.com/v1beta1/projects/devhtorpc [none]
[debug] [2024-03-23T01:59:27.284Z] <<< [apiv2][status] GET https://firebase.googleapis.com/v1beta1/projects/devhtorpc 401
[debug] [2024-03-23T01:59:27.284Z] <<< [apiv2][body] GET https://firebase.googleapis.com/v1beta1/projects/devhtorpc {"error":{"code":401,"message":"Request had invalid authentication credentials. Expected OAuth 2 access token, login cookie or other valid authentication credential. See https://developers.google.com/identity/sign-in/web/devconsole-project.","status":"UNAUTHENTICATED"}}
[debug] [2024-03-23T01:59:27.285Z] HTTP Error: 401, Request had invalid authentication credentials. Expected OAuth 2 access token, login cookie or other valid authentication credential. See https://developers.google.com/identity/sign-in/web/devconsole-project.
[debug] [2024-03-23T01:59:27.430Z] FirebaseError: HTTP Error: 401, Request had invalid authentication credentials. Expected OAuth 2 access token, login cookie or other valid authentication credential. See https://developers.google.com/identity/sign-in/web/devconsole-project.
    at responseToError (C:\Users\hecto\AppData\Roaming\npm\node_modules\firebase-tools\lib\responseToError.js:49:12)
    at RetryOperation._fn (C:\Users\hecto\AppData\Roaming\npm\node_modules\firebase-tools\lib\apiv2.js:285:77)
    at process.processTicksAndRejections (node:internal/process/task_queues:95:5)
[error] 
[error] Error: Failed to get Firebase project devhtorpc. Please make sure the project exists and your account has permission to access it.
[debug] [2024-03-23T02:00:08.420Z] ----------------------------------------------------------------------
[debug] [2024-03-23T02:00:08.424Z] Command:       C:\Program Files\nodejs\node.exe C:\Users\hecto\AppData\Roaming\npm\node_modules\firebase-tools\lib\bin\firebase.js deploy --only hosting
[debug] [2024-03-23T02:00:08.425Z] CLI Version:   12.5.0
[debug] [2024-03-23T02:00:08.425Z] Platform:      win32
[debug] [2024-03-23T02:00:08.425Z] Node Version:  v20.5.1
[debug] [2024-03-23T02:00:08.425Z] Time:          Fri Mar 22 2024 22:00:08 GMT-0400 (hora de Bolivia)
[debug] [2024-03-23T02:00:08.426Z] ----------------------------------------------------------------------
[debug] 
[debug] [2024-03-23T02:00:08.552Z] > command requires scopes: ["email","openid","https://www.googleapis.com/auth/cloudplatformprojects.readonly","https://www.googleapis.com/auth/firebase","https://www.googleapis.com/auth/cloud-platform"]
[debug] [2024-03-23T02:00:08.553Z] > authorizing via signed-in user (hectoristy1@gmail.com)
[debug] [2024-03-23T02:00:08.553Z] [iam] checking project devhtorpc for permissions ["firebase.projects.get","firebasehosting.sites.update"]
[debug] [2024-03-23T02:00:08.555Z] > refreshing access token with scopes: []
[debug] [2024-03-23T02:00:08.558Z] >>> [apiv2][query] POST https://www.googleapis.com/oauth2/v3/token [none]
[debug] [2024-03-23T02:00:08.558Z] >>> [apiv2][body] POST https://www.googleapis.com/oauth2/v3/token [omitted]
[debug] [2024-03-23T02:00:08.846Z] <<< [apiv2][status] POST https://www.googleapis.com/oauth2/v3/token 400
[debug] [2024-03-23T02:00:08.846Z] <<< [apiv2][body] POST https://www.googleapis.com/oauth2/v3/token [omitted]
[debug] [2024-03-23T02:00:08.847Z] >>> [apiv2][query] POST https://cloudresourcemanager.googleapis.com/v1/projects/devhtorpc:testIamPermissions [none]
[debug] [2024-03-23T02:00:08.847Z] >>> [apiv2][(partial)header] POST https://cloudresourcemanager.googleapis.com/v1/projects/devhtorpc:testIamPermissions x-goog-quota-user=projects/devhtorpc
[debug] [2024-03-23T02:00:08.847Z] >>> [apiv2][body] POST https://cloudresourcemanager.googleapis.com/v1/projects/devhtorpc:testIamPermissions {"permissions":["firebase.projects.get","firebasehosting.sites.update"]}
[debug] [2024-03-23T02:00:09.061Z] <<< [apiv2][status] POST https://cloudresourcemanager.googleapis.com/v1/projects/devhtorpc:testIamPermissions 401
[debug] [2024-03-23T02:00:09.062Z] <<< [apiv2][body] POST https://cloudresourcemanager.googleapis.com/v1/projects/devhtorpc:testIamPermissions {"error":{"code":401,"message":"Request had invalid authentication credentials. Expected OAuth 2 access token, login cookie or other valid authentication credential. See https://developers.google.com/identity/sign-in/web/devconsole-project.","status":"UNAUTHENTICATED","details":[{"@type":"type.googleapis.com/google.rpc.ErrorInfo","reason":"ACCESS_TOKEN_TYPE_UNSUPPORTED","metadata":{"service":"cloudresourcemanager.googleapis.com","method":"google.cloudresourcemanager.v1.Projects.TestIamPermissions"}}]}}
[debug] [2024-03-23T02:00:09.063Z] [iam] error while checking permissions, command may fail: FirebaseError: HTTP Error: 401, Request had invalid authentication credentials. Expected OAuth 2 access token, login cookie or other valid authentication credential. See https://developers.google.com/identity/sign-in/web/devconsole-project.
[debug] [2024-03-23T02:00:09.063Z] > refreshing access token with scopes: []
[debug] [2024-03-23T02:00:09.064Z] >>> [apiv2][query] POST https://www.googleapis.com/oauth2/v3/token [none]
[debug] [2024-03-23T02:00:09.064Z] >>> [apiv2][body] POST https://www.googleapis.com/oauth2/v3/token [omitted]
[debug] [2024-03-23T02:00:09.127Z] <<< [apiv2][status] POST https://www.googleapis.com/oauth2/v3/token 400
[debug] [2024-03-23T02:00:09.128Z] <<< [apiv2][body] POST https://www.googleapis.com/oauth2/v3/token [omitted]
[debug] [2024-03-23T02:00:09.128Z] >>> [apiv2][query] GET https://firebase.googleapis.com/v1beta1/projects/devhtorpc [none]
[debug] [2024-03-23T02:00:09.291Z] <<< [apiv2][status] GET https://firebase.googleapis.com/v1beta1/projects/devhtorpc 401
[debug] [2024-03-23T02:00:09.291Z] <<< [apiv2][body] GET https://firebase.googleapis.com/v1beta1/projects/devhtorpc {"error":{"code":401,"message":"Request had invalid authentication credentials. Expected OAuth 2 access token, login cookie or other valid authentication credential. See https://developers.google.com/identity/sign-in/web/devconsole-project.","status":"UNAUTHENTICATED"}}
[debug] [2024-03-23T02:00:09.292Z] HTTP Error: 401, Request had invalid authentication credentials. Expected OAuth 2 access token, login cookie or other valid authentication credential. See https://developers.google.com/identity/sign-in/web/devconsole-project.
[debug] [2024-03-23T02:00:09.522Z] FirebaseError: HTTP Error: 401, Request had invalid authentication credentials. Expected OAuth 2 access token, login cookie or other valid authentication credential. See https://developers.google.com/identity/sign-in/web/devconsole-project.
    at responseToError (C:\Users\hecto\AppData\Roaming\npm\node_modules\firebase-tools\lib\responseToError.js:49:12)
    at RetryOperation._fn (C:\Users\hecto\AppData\Roaming\npm\node_modules\firebase-tools\lib\apiv2.js:285:77)
    at process.processTicksAndRejections (node:internal/process/task_queues:95:5)
[error] 
[error] Error: Failed to get Firebase project devhtorpc. Please make sure the project exists and your account has permission to access it.
[debug] [2024-03-23T02:02:25.156Z] ----------------------------------------------------------------------
[debug] [2024-03-23T02:02:25.160Z] Command:       C:\Program Files\nodejs\node.exe C:\Users\hecto\AppData\Roaming\npm\node_modules\firebase-tools\lib\bin\firebase.js deploy --only hosting
[debug] [2024-03-23T02:02:25.161Z] CLI Version:   12.5.0
[debug] [2024-03-23T02:02:25.161Z] Platform:      win32
[debug] [2024-03-23T02:02:25.161Z] Node Version:  v20.5.1
[debug] [2024-03-23T02:02:25.162Z] Time:          Fri Mar 22 2024 22:02:25 GMT-0400 (hora de Bolivia)
[debug] [2024-03-23T02:02:25.162Z] ----------------------------------------------------------------------
[debug] 
[debug] [2024-03-23T02:02:25.272Z] > command requires scopes: ["email","openid","https://www.googleapis.com/auth/cloudplatformprojects.readonly","https://www.googleapis.com/auth/firebase","https://www.googleapis.com/auth/cloud-platform"]
[debug] [2024-03-23T02:02:25.272Z] > authorizing via signed-in user (hectoristy1@gmail.com)
[debug] [2024-03-23T02:02:25.273Z] [iam] checking project devhtorpc for permissions ["firebase.projects.get","firebasehosting.sites.update"]
[debug] [2024-03-23T02:02:25.274Z] > refreshing access token with scopes: []
[debug] [2024-03-23T02:02:25.277Z] >>> [apiv2][query] POST https://www.googleapis.com/oauth2/v3/token [none]
[debug] [2024-03-23T02:02:25.277Z] >>> [apiv2][body] POST https://www.googleapis.com/oauth2/v3/token [omitted]
[debug] [2024-03-23T02:02:25.532Z] <<< [apiv2][status] POST https://www.googleapis.com/oauth2/v3/token 400
[debug] [2024-03-23T02:02:25.533Z] <<< [apiv2][body] POST https://www.googleapis.com/oauth2/v3/token [omitted]
[debug] [2024-03-23T02:02:25.533Z] >>> [apiv2][query] POST https://cloudresourcemanager.googleapis.com/v1/projects/devhtorpc:testIamPermissions [none]
[debug] [2024-03-23T02:02:25.533Z] >>> [apiv2][(partial)header] POST https://cloudresourcemanager.googleapis.com/v1/projects/devhtorpc:testIamPermissions x-goog-quota-user=projects/devhtorpc
[debug] [2024-03-23T02:02:25.533Z] >>> [apiv2][body] POST https://cloudresourcemanager.googleapis.com/v1/projects/devhtorpc:testIamPermissions {"permissions":["firebase.projects.get","firebasehosting.sites.update"]}
[debug] [2024-03-23T02:02:25.801Z] <<< [apiv2][status] POST https://cloudresourcemanager.googleapis.com/v1/projects/devhtorpc:testIamPermissions 401
[debug] [2024-03-23T02:02:25.801Z] <<< [apiv2][body] POST https://cloudresourcemanager.googleapis.com/v1/projects/devhtorpc:testIamPermissions {"error":{"code":401,"message":"Request had invalid authentication credentials. Expected OAuth 2 access token, login cookie or other valid authentication credential. See https://developers.google.com/identity/sign-in/web/devconsole-project.","status":"UNAUTHENTICATED","details":[{"@type":"type.googleapis.com/google.rpc.ErrorInfo","reason":"ACCESS_TOKEN_TYPE_UNSUPPORTED","metadata":{"method":"google.cloudresourcemanager.v1.Projects.TestIamPermissions","service":"cloudresourcemanager.googleapis.com"}}]}}
[debug] [2024-03-23T02:02:25.802Z] [iam] error while checking permissions, command may fail: FirebaseError: HTTP Error: 401, Request had invalid authentication credentials. Expected OAuth 2 access token, login cookie or other valid authentication credential. See https://developers.google.com/identity/sign-in/web/devconsole-project.
[debug] [2024-03-23T02:02:25.803Z] > refreshing access token with scopes: []
[debug] [2024-03-23T02:02:25.803Z] >>> [apiv2][query] POST https://www.googleapis.com/oauth2/v3/token [none]
[debug] [2024-03-23T02:02:25.803Z] >>> [apiv2][body] POST https://www.googleapis.com/oauth2/v3/token [omitted]
[debug] [2024-03-23T02:02:25.874Z] <<< [apiv2][status] POST https://www.googleapis.com/oauth2/v3/token 400
[debug] [2024-03-23T02:02:25.874Z] <<< [apiv2][body] POST https://www.googleapis.com/oauth2/v3/token [omitted]
[debug] [2024-03-23T02:02:25.875Z] >>> [apiv2][query] GET https://firebase.googleapis.com/v1beta1/projects/devhtorpc [none]
[debug] [2024-03-23T02:02:26.118Z] <<< [apiv2][status] GET https://firebase.googleapis.com/v1beta1/projects/devhtorpc 401
[debug] [2024-03-23T02:02:26.118Z] <<< [apiv2][body] GET https://firebase.googleapis.com/v1beta1/projects/devhtorpc {"error":{"code":401,"message":"Request had invalid authentication credentials. Expected OAuth 2 access token, login cookie or other valid authentication credential. See https://developers.google.com/identity/sign-in/web/devconsole-project.","status":"UNAUTHENTICATED"}}
[debug] [2024-03-23T02:02:26.118Z] HTTP Error: 401, Request had invalid authentication credentials. Expected OAuth 2 access token, login cookie or other valid authentication credential. See https://developers.google.com/identity/sign-in/web/devconsole-project.
[debug] [2024-03-23T02:02:26.265Z] FirebaseError: HTTP Error: 401, Request had invalid authentication credentials. Expected OAuth 2 access token, login cookie or other valid authentication credential. See https://developers.google.com/identity/sign-in/web/devconsole-project.
    at responseToError (C:\Users\hecto\AppData\Roaming\npm\node_modules\firebase-tools\lib\responseToError.js:49:12)
    at RetryOperation._fn (C:\Users\hecto\AppData\Roaming\npm\node_modules\firebase-tools\lib\apiv2.js:285:77)
    at process.processTicksAndRejections (node:internal/process/task_queues:95:5)
[error] 
[error] Error: Failed to get Firebase project devhtorpc. Please make sure the project exists and your account has permission to access it.
[debug] [2024-03-23T02:02:56.291Z] ----------------------------------------------------------------------
[debug] [2024-03-23T02:02:56.295Z] Command:       C:\Program Files\nodejs\node.exe C:\Users\hecto\AppData\Roaming\npm\node_modules\firebase-tools\lib\bin\firebase.js deploy --only hosting
[debug] [2024-03-23T02:02:56.295Z] CLI Version:   12.5.0
[debug] [2024-03-23T02:02:56.295Z] Platform:      win32
[debug] [2024-03-23T02:02:56.296Z] Node Version:  v20.5.1
[debug] [2024-03-23T02:02:56.296Z] Time:          Fri Mar 22 2024 22:02:56 GMT-0400 (hora de Bolivia)
[debug] [2024-03-23T02:02:56.296Z] ----------------------------------------------------------------------
[debug] 
[debug] [2024-03-23T02:02:56.405Z] > command requires scopes: ["email","openid","https://www.googleapis.com/auth/cloudplatformprojects.readonly","https://www.googleapis.com/auth/firebase","https://www.googleapis.com/auth/cloud-platform"]
[debug] [2024-03-23T02:02:56.406Z] > authorizing via signed-in user (hectoristy1@gmail.com)
[debug] [2024-03-23T02:02:56.406Z] [iam] checking project devhtorpc for permissions ["firebase.projects.get","firebasehosting.sites.update"]
[debug] [2024-03-23T02:02:56.408Z] > refreshing access token with scopes: []
[debug] [2024-03-23T02:02:56.410Z] >>> [apiv2][query] POST https://www.googleapis.com/oauth2/v3/token [none]
[debug] [2024-03-23T02:02:56.410Z] >>> [apiv2][body] POST https://www.googleapis.com/oauth2/v3/token [omitted]
[debug] [2024-03-23T02:02:56.895Z] <<< [apiv2][status] POST https://www.googleapis.com/oauth2/v3/token 400
[debug] [2024-03-23T02:02:56.896Z] <<< [apiv2][body] POST https://www.googleapis.com/oauth2/v3/token [omitted]
[debug] [2024-03-23T02:02:56.896Z] >>> [apiv2][query] POST https://cloudresourcemanager.googleapis.com/v1/projects/devhtorpc:testIamPermissions [none]
[debug] [2024-03-23T02:02:56.896Z] >>> [apiv2][(partial)header] POST https://cloudresourcemanager.googleapis.com/v1/projects/devhtorpc:testIamPermissions x-goog-quota-user=projects/devhtorpc
[debug] [2024-03-23T02:02:56.896Z] >>> [apiv2][body] POST https://cloudresourcemanager.googleapis.com/v1/projects/devhtorpc:testIamPermissions {"permissions":["firebase.projects.get","firebasehosting.sites.update"]}
[debug] [2024-03-23T02:02:58.545Z] <<< [apiv2][status] POST https://cloudresourcemanager.googleapis.com/v1/projects/devhtorpc:testIamPermissions 401
[debug] [2024-03-23T02:02:58.545Z] <<< [apiv2][body] POST https://cloudresourcemanager.googleapis.com/v1/projects/devhtorpc:testIamPermissions {"error":{"code":401,"message":"Request had invalid authentication credentials. Expected OAuth 2 access token, login cookie or other valid authentication credential. See https://developers.google.com/identity/sign-in/web/devconsole-project.","status":"UNAUTHENTICATED","details":[{"@type":"type.googleapis.com/google.rpc.ErrorInfo","reason":"ACCESS_TOKEN_TYPE_UNSUPPORTED","metadata":{"service":"cloudresourcemanager.googleapis.com","method":"google.cloudresourcemanager.v1.Projects.TestIamPermissions"}}]}}
[debug] [2024-03-23T02:02:58.547Z] [iam] error while checking permissions, command may fail: FirebaseError: HTTP Error: 401, Request had invalid authentication credentials. Expected OAuth 2 access token, login cookie or other valid authentication credential. See https://developers.google.com/identity/sign-in/web/devconsole-project.
[debug] [2024-03-23T02:02:58.547Z] > refreshing access token with scopes: []
[debug] [2024-03-23T02:02:58.548Z] >>> [apiv2][query] POST https://www.googleapis.com/oauth2/v3/token [none]
[debug] [2024-03-23T02:02:58.548Z] >>> [apiv2][body] POST https://www.googleapis.com/oauth2/v3/token [omitted]
[debug] [2024-03-23T02:02:58.631Z] <<< [apiv2][status] POST https://www.googleapis.com/oauth2/v3/token 400
[debug] [2024-03-23T02:02:58.631Z] <<< [apiv2][body] POST https://www.googleapis.com/oauth2/v3/token [omitted]
[debug] [2024-03-23T02:02:58.632Z] >>> [apiv2][query] GET https://firebase.googleapis.com/v1beta1/projects/devhtorpc [none]
[debug] [2024-03-23T02:03:01.309Z] <<< [apiv2][status] GET https://firebase.googleapis.com/v1beta1/projects/devhtorpc 401
[debug] [2024-03-23T02:03:01.310Z] <<< [apiv2][body] GET https://firebase.googleapis.com/v1beta1/projects/devhtorpc {"error":{"code":401,"message":"Request had invalid authentication credentials. Expected OAuth 2 access token, login cookie or other valid authentication credential. See https://developers.google.com/identity/sign-in/web/devconsole-project.","status":"UNAUTHENTICATED"}}
[debug] [2024-03-23T02:03:01.310Z] HTTP Error: 401, Request had invalid authentication credentials. Expected OAuth 2 access token, login cookie or other valid authentication credential. See https://developers.google.com/identity/sign-in/web/devconsole-project.
[debug] [2024-03-23T02:03:03.455Z] FirebaseError: HTTP Error: 401, Request had invalid authentication credentials. Expected OAuth 2 access token, login cookie or other valid authentication credential. See https://developers.google.com/identity/sign-in/web/devconsole-project.
    at responseToError (C:\Users\hecto\AppData\Roaming\npm\node_modules\firebase-tools\lib\responseToError.js:49:12)
    at RetryOperation._fn (C:\Users\hecto\AppData\Roaming\npm\node_modules\firebase-tools\lib\apiv2.js:285:77)
    at process.processTicksAndRejections (node:internal/process/task_queues:95:5)
[error] 
[error] Error: Failed to get Firebase project devhtorpc. Please make sure the project exists and your account has permission to access it.
